0 info it worked if it ends with ok
1 verbose cli [ '/usr/local/Cellar/node/7.2.1/bin/node',
1 verbose cli   '/usr/local/bin/npm',
1 verbose cli   'run',
1 verbose cli   'dev' ]
2 info using npm@3.10.9
3 info using node@v7.2.1
4 verbose run-script [ 'predev', 'dev', 'postdev' ]
5 info lifecycle sockchat@1.0.0~predev: sockchat@1.0.0
6 silly lifecycle sockchat@1.0.0~predev: no script for predev, continuing
7 info lifecycle sockchat@1.0.0~dev: sockchat@1.0.0
8 verbose lifecycle sockchat@1.0.0~dev: unsafe-perm in lifecycle true
9 verbose lifecycle sockchat@1.0.0~dev: PATH: /usr/local/lib/node_modules/npm/bin/node-gyp-bin:/Users/penkar/code/portfolio/SockChat/node_modules/.bin:/usr/local/Cellar/node/7.2.1/bin:/usr/local/bin:/usr/bin:/bin:/usr/sbin:/sbin
10 verbose lifecycle sockchat@1.0.0~dev: CWD: /Users/penkar/code/portfolio/SockChat
11 silly lifecycle sockchat@1.0.0~dev: Args: [ '-c', 'webpack & python -m SimpleHTTPServer' ]
12 silly lifecycle sockchat@1.0.0~dev: Returned: code: 1  signal: null
13 info lifecycle sockchat@1.0.0~dev: Failed to exec dev script
14 verbose stack Error: sockchat@1.0.0 dev: `webpack & python -m SimpleHTTPServer`
14 verbose stack Exit status 1
14 verbose stack     at EventEmitter.<anonymous> (/usr/local/lib/node_modules/npm/lib/utils/lifecycle.js:255:16)
14 verbose stack     at emitTwo (events.js:106:13)
14 verbose stack     at EventEmitter.emit (events.js:191:7)
14 verbose stack     at ChildProcess.<anonymous> (/usr/local/lib/node_modules/npm/lib/utils/spawn.js:40:14)
14 verbose stack     at emitTwo (events.js:106:13)
14 verbose stack     at ChildProcess.emit (events.js:191:7)
14 verbose stack     at maybeClose (internal/child_process.js:885:16)
14 verbose stack     at Process.ChildProcess._handle.onexit (internal/child_process.js:226:5)
15 verbose pkgid sockchat@1.0.0
16 verbose cwd /Users/penkar/code/portfolio/SockChat
17 error Darwin 16.5.0
18 error argv "/usr/local/Cellar/node/7.2.1/bin/node" "/usr/local/bin/npm" "run" "dev"
19 error node v7.2.1
20 error npm  v3.10.9
21 error code ELIFECYCLE
22 error sockchat@1.0.0 dev: `webpack & python -m SimpleHTTPServer`
22 error Exit status 1
23 error Failed at the sockchat@1.0.0 dev script 'webpack & python -m SimpleHTTPServer'.
23 error Make sure you have the latest version of node.js and npm installed.
23 error If you do, this is most likely a problem with the sockchat package,
23 error not with npm itself.
23 error Tell the author that this fails on your system:
23 error     webpack & python -m SimpleHTTPServer
23 error You can get information on how to open an issue for this project with:
23 error     npm bugs sockchat
23 error Or if that isn't available, you can get their info via:
23 error     npm owner ls sockchat
23 error There is likely additional logging output above.
24 verbose exit [ 1, true ]
